Compiling the C compiler identification source file "CMakeCCompilerId.c" failed.
Compiler: /Applications/Xcode.app/Contents/Developer/Toolchains/XcodeDefault.xctoolchain/usr/bin/cc 
Build flags: 
Id flags:  

The output was:
1
ld: library 'System' not found
cc: error: linker command failed with exit code 1 (use -v to see invocation)


Compiling the CXX compiler identification source file "CMakeCXXCompilerId.cpp" failed.
Compiler: /Applications/Xcode.app/Contents/Developer/Toolchains/XcodeDefault.xctoolchain/usr/bin/c++ 
Build flags: 
Id flags:  

The output was:
1
ld: library 'c++' not found
c++: error: linker command failed with exit code 1 (use -v to see invocation)


Determining if the include file EGL/egl.h exists failed with the following output:
Change Dir: /Users/oathompsonjones/Documents/Edinburgh/Year-4/CGGS/CGGS-CW3-Debugging/code/build/CMakeFiles/CMakeTmp

Run Build Command(s):/usr/bin/make -f Makefile cmTC_aedac/fast && /Applications/Xcode.app/Contents/Developer/usr/bin/make  -f CMakeFiles/cmTC_aedac.dir/build.make CMakeFiles/cmTC_aedac.dir/build
Building CXX object CMakeFiles/cmTC_aedac.dir/CheckIncludeFile.cxx.o
/Applications/Xcode.app/Contents/Developer/Toolchains/XcodeDefault.xctoolchain/usr/bin/c++   -arch x86_64 -isysroot /Applications/Xcode.app/Contents/Developer/Platforms/MacOSX.platform/Developer/SDKs/MacOSX15.4.sdk -mmacosx-version-min=15.3 -std=gnu++17 -MD -MT CMakeFiles/cmTC_aedac.dir/CheckIncludeFile.cxx.o -MF CMakeFiles/cmTC_aedac.dir/CheckIncludeFile.cxx.o.d -o CMakeFiles/cmTC_aedac.dir/CheckIncludeFile.cxx.o -c /Users/oathompsonjones/Documents/Edinburgh/Year-4/CGGS/CGGS-CW3-Debugging/code/build/CMakeFiles/CMakeTmp/CheckIncludeFile.cxx
/Users/oathompsonjones/Documents/Edinburgh/Year-4/CGGS/CGGS-CW3-Debugging/code/build/CMakeFiles/CMakeTmp/CheckIncludeFile.cxx:1:10: fatal error: 'EGL/egl.h' file not found
    1 | #include <EGL/egl.h>
      |          ^~~~~~~~~~~
1 error generated.
make[1]: *** [CMakeFiles/cmTC_aedac.dir/CheckIncludeFile.cxx.o] Error 1
make: *** [cmTC_aedac/fast] Error 2



